<?xml version="1.0" encoding="UTF-8"?>
<testng-results ignored="0" total="19" passed="17" failed="2" skipped="0">
  <reporter-output>
  </reporter-output>
  <suite started-at="2026-04-24T20:07:37 IST" name="Internet Hackathon Suite" finished-at="2026-04-24T20:08:58 IST" duration-ms="81500">
    <groups>
    </groups>
    <test started-at="2026-04-24T20:07:37 IST" name="Alert Tests" finished-at="2026-04-24T20:08:10 IST" duration-ms="33059">
      <class name="com.srm.tests.AlertTests">
        <test-method is-config="true" signature="setUp()[pri:0, instance:com.srm.tests.AlertTests@77f1baf5]" started-at="2026-04-24T20:07:37 IST" name="setUp" finished-at="2026-04-24T20:07:42 IST" duration-ms="4735" status="PASS">
          <reporter-output>
          </reporter-output>
        </test-method> <!-- setUp -->
        <test-method signature="verifyJsAlertAcceptsAndShowsSuccessMessage()[pri:0, instance:com.srm.tests.AlertTests@77f1baf5]" started-at="2026-04-24T20:07:42 IST" name="verifyJsAlertAcceptsAndShowsSuccessMessage" finished-at="2026-04-24T20:07:47 IST" duration-ms="4602" status="PASS">
          <reporter-output>
          </reporter-output>
        </test-method> <!-- verifyJsAlertAcceptsAndShowsSuccessMessage -->
        <test-method is-config="true" signature="tearDown()[pri:0, instance:com.srm.tests.AlertTests@77f1baf5]" started-at="2026-04-24T20:07:47 IST" name="tearDown" finished-at="2026-04-24T20:07:47 IST" duration-ms="456" status="PASS">
          <reporter-output>
          </reporter-output>
        </test-method> <!-- tearDown -->
        <test-method is-config="true" signature="setUp()[pri:0, instance:com.srm.tests.AlertTests@77f1baf5]" started-at="2026-04-24T20:07:47 IST" name="setUp" finished-at="2026-04-24T20:07:49 IST" duration-ms="1474" status="PASS">
          <reporter-output>
          </reporter-output>
        </test-method> <!-- setUp -->
        <test-method signature="verifyJsConfirmDismissShowsDismissedMessage()[pri:0, instance:com.srm.tests.AlertTests@77f1baf5]" started-at="2026-04-24T20:07:49 IST" name="verifyJsConfirmDismissShowsDismissedMessage" finished-at="2026-04-24T20:07:56 IST" duration-ms="7173" status="PASS">
          <reporter-output>
          </reporter-output>
        </test-method> <!-- verifyJsConfirmDismissShowsDismissedMessage -->
        <test-method is-config="true" signature="tearDown()[pri:0, instance:com.srm.tests.AlertTests@77f1baf5]" started-at="2026-04-24T20:07:56 IST" name="tearDown" finished-at="2026-04-24T20:07:56 IST" duration-ms="205" status="PASS">
          <reporter-output>
          </reporter-output>
        </test-method> <!-- tearDown -->
        <test-method is-config="true" signature="setUp()[pri:0, instance:com.srm.tests.AlertTests@77f1baf5]" started-at="2026-04-24T20:07:56 IST" name="setUp" finished-at="2026-04-24T20:07:57 IST" duration-ms="1001" status="PASS">
          <reporter-output>
          </reporter-output>
        </test-method> <!-- setUp -->
        <test-method signature="verifyJsPromptAcceptsTextAndDisplaysIt()[pri:0, instance:com.srm.tests.AlertTests@77f1baf5]" started-at="2026-04-24T20:07:57 IST" name="verifyJsPromptAcceptsTextAndDisplaysIt" finished-at="2026-04-24T20:08:03 IST" duration-ms="6171" status="PASS">
          <reporter-output>
          </reporter-output>
        </test-method> <!-- verifyJsPromptAcceptsTextAndDisplaysIt -->
        <test-method is-config="true" signature="tearDown()[pri:0, instance:com.srm.tests.AlertTests@77f1baf5]" started-at="2026-04-24T20:08:03 IST" name="tearDown" finished-at="2026-04-24T20:08:04 IST" duration-ms="293" status="PASS">
          <reporter-output>
          </reporter-output>
        </test-method> <!-- tearDown -->
        <test-method is-config="true" signature="setUp()[pri:0, instance:com.srm.tests.AlertTests@77f1baf5]" started-at="2026-04-24T20:08:04 IST" name="setUp" finished-at="2026-04-24T20:08:05 IST" duration-ms="1487" status="PASS">
          <reporter-output>
          </reporter-output>
        </test-method> <!-- setUp -->
        <test-method signature="verifyResultTextUpdatesAcrossDifferentAlertTypes()[pri:0, instance:com.srm.tests.AlertTests@77f1baf5]" started-at="2026-04-24T20:08:05 IST" name="verifyResultTextUpdatesAcrossDifferentAlertTypes" finished-at="2026-04-24T20:08:10 IST" duration-ms="4587" status="PASS">
          <reporter-output>
          </reporter-output>
        </test-method> <!-- verifyResultTextUpdatesAcrossDifferentAlertTypes -->
        <test-method is-config="true" signature="tearDown()[pri:0, instance:com.srm.tests.AlertTests@77f1baf5]" started-at="2026-04-24T20:08:10 IST" name="tearDown" finished-at="2026-04-24T20:08:10 IST" duration-ms="221" status="PASS">
          <reporter-output>
          </reporter-output>
        </test-method> <!-- tearDown -->
      </class> <!-- com.srm.tests.AlertTests -->
    </test> <!-- Alert Tests -->
    <test started-at="2026-04-24T20:07:37 IST" name="Authentication Tests" finished-at="2026-04-24T20:08:12 IST" duration-ms="34984">
      <class name="com.srm.tests.AuthenticationTests">
        <test-method is-config="true" signature="setUp()[pri:0, instance:com.srm.tests.AuthenticationTests@639c2c1d]" started-at="2026-04-24T20:07:37 IST" name="setUp" finished-at="2026-04-24T20:07:42 IST" duration-ms="4728" status="PASS">
          <reporter-output>
          </reporter-output>
        </test-method> <!-- setUp -->
        <test-method signature="verifyBasicAuthenticationWorks()[pri:0, instance:com.srm.tests.AuthenticationTests@639c2c1d]" started-at="2026-04-24T20:07:42 IST" name="verifyBasicAuthenticationWorks" finished-at="2026-04-24T20:07:46 IST" duration-ms="4198" status="PASS">
          <reporter-output>
          </reporter-output>
        </test-method> <!-- verifyBasicAuthenticationWorks -->
        <test-method is-config="true" signature="tearDown()[pri:0, instance:com.srm.tests.AuthenticationTests@639c2c1d]" started-at="2026-04-24T20:07:46 IST" name="tearDown" finished-at="2026-04-24T20:07:47 IST" duration-ms="357" status="PASS">
          <reporter-output>
          </reporter-output>
        </test-method> <!-- tearDown -->
        <test-method is-config="true" signature="setUp()[pri:0, instance:com.srm.tests.AuthenticationTests@639c2c1d]" started-at="2026-04-24T20:07:47 IST" name="setUp" finished-at="2026-04-24T20:07:48 IST" duration-ms="1682" status="PASS">
          <reporter-output>
          </reporter-output>
        </test-method> <!-- setUp -->
        <test-method signature="verifyFormAuthenticationScenarios(java.lang.String,java.lang.String,boolean)[pri:0, instance:com.srm.tests.AuthenticationTests@639c2c1d]" started-at="2026-04-24T20:07:48 IST" name="verifyFormAuthenticationScenarios" data-provider="formLoginData" finished-at="2026-04-24T20:07:54 IST" duration-ms="5749" status="PASS">
          <params>
            <param index="0">
              <value>
                <![CDATA[tomsmith]]>
              </value>
            </param>
            <param index="1">
              <value>
                <![CDATA[SuperSecretPassword!]]>
              </value>
            </param>
            <param index="2">
              <value>
                <![CDATA[true]]>
              </value>
            </param>
          </params>
          <reporter-output>
          </reporter-output>
        </test-method> <!-- verifyFormAuthenticationScenarios -->
        <test-method is-config="true" signature="tearDown()[pri:0, instance:com.srm.tests.AuthenticationTests@639c2c1d]" started-at="2026-04-24T20:07:54 IST" name="tearDown" finished-at="2026-04-24T20:07:54 IST" duration-ms="211" status="PASS">
          <reporter-output>
          </reporter-output>
        </test-method> <!-- tearDown -->
        <test-method is-config="true" signature="setUp()[pri:0, instance:com.srm.tests.AuthenticationTests@639c2c1d]" started-at="2026-04-24T20:07:54 IST" name="setUp" finished-at="2026-04-24T20:07:56 IST" duration-ms="1127" status="PASS">
          <reporter-output>
          </reporter-output>
        </test-method> <!-- setUp -->
        <test-method signature="verifyFormAuthenticationScenarios(java.lang.String,java.lang.String,boolean)[pri:0, instance:com.srm.tests.AuthenticationTests@639c2c1d]" started-at="2026-04-24T20:07:56 IST" name="verifyFormAuthenticationScenarios" data-provider="formLoginData" finished-at="2026-04-24T20:08:03 IST" duration-ms="7640" status="PASS">
          <params>
            <param index="0">
              <value>
                <![CDATA[invaliduser]]>
              </value>
            </param>
            <param index="1">
              <value>
                <![CDATA[InvalidPassword!]]>
              </value>
            </param>
            <param index="2">
              <value>
                <![CDATA[false]]>
              </value>
            </param>
          </params>
          <reporter-output>
          </reporter-output>
        </test-method> <!-- verifyFormAuthenticationScenarios -->
        <test-method is-config="true" signature="tearDown()[pri:0, instance:com.srm.tests.AuthenticationTests@639c2c1d]" started-at="2026-04-24T20:08:03 IST" name="tearDown" finished-at="2026-04-24T20:08:03 IST" duration-ms="262" status="PASS">
          <reporter-output>
          </reporter-output>
        </test-method> <!-- tearDown -->
        <test-method is-config="true" signature="setUp()[pri:0, instance:com.srm.tests.AuthenticationTests@639c2c1d]" started-at="2026-04-24T20:08:03 IST" name="setUp" finished-at="2026-04-24T20:08:05 IST" duration-ms="1603" status="PASS">
          <reporter-output>
          </reporter-output>
        </test-method> <!-- setUp -->
        <test-method signature="verifyLogoutRedirectsBackToLoginPage()[pri:0, instance:com.srm.tests.AuthenticationTests@639c2c1d]" started-at="2026-04-24T20:08:05 IST" name="verifyLogoutRedirectsBackToLoginPage" finished-at="2026-04-24T20:08:11 IST" duration-ms="6353" status="PASS">
          <reporter-output>
          </reporter-output>
        </test-method> <!-- verifyLogoutRedirectsBackToLoginPage -->
        <test-method is-config="true" signature="tearDown()[pri:0, instance:com.srm.tests.AuthenticationTests@639c2c1d]" started-at="2026-04-24T20:08:11 IST" name="tearDown" finished-at="2026-04-24T20:08:12 IST" duration-ms="392" status="PASS">
          <reporter-output>
          </reporter-output>
        </test-method> <!-- tearDown -->
      </class> <!-- com.srm.tests.AuthenticationTests -->
    </test> <!-- Authentication Tests -->
    <test started-at="2026-04-24T20:08:12 IST" name="Upload Tests" finished-at="2026-04-24T20:08:30 IST" duration-ms="18519">
      <class name="com.srm.tests.FileUploadTests">
        <test-method is-config="true" signature="setUp()[pri:0, instance:com.srm.tests.FileUploadTests@ae13544]" started-at="2026-04-24T20:08:12 IST" name="setUp" finished-at="2026-04-24T20:08:13 IST" duration-ms="992" status="PASS">
          <reporter-output>
          </reporter-output>
        </test-method> <!-- setUp -->
        <test-method signature="verifySupportedFileUploadDisplaysUploadedFilename()[pri:0, instance:com.srm.tests.FileUploadTests@ae13544]" started-at="2026-04-24T20:08:13 IST" name="verifySupportedFileUploadDisplaysUploadedFilename" finished-at="2026-04-24T20:08:17 IST" duration-ms="4319" status="FAIL">
          <exception class="org.openqa.selenium.InvalidArgumentException">
            <message>
              <![CDATA[invalid argument
  (Session info: chrome=147.0.7727.103)
Build info: version: '4.21.0', revision: '79ed462ef4'
System info: os.name: 'Windows 11', os.arch: 'amd64', os.version: '10.0', java.version: '17.0.12'
Driver info: org.openqa.selenium.chrome.ChromeDriver
Command: [7769f8391dd91ab47a55f3ef97915190, clickElement {id=f.10767BDEB3A0F189047B721D5A8F4D3F.d.7947B59340F2A50303132479C6E49B3B.e.8}]
Capabilities {acceptInsecureCerts: false, browserName: chrome, browserVersion: 147.0.7727.103, chrome: {chromedriverVersion: 147.0.7727.117 (474cc805edd..., userDataDir: C:\Users\Deepika\AppData\Lo...}, fedcm:accounts: true, goog:chromeOptions: {debuggerAddress: localhost:56464}, goog:processID: 26204, networkConnectionEnabled: false, pageLoadStrategy: normal, platformName: windows, proxy: Proxy(), se:cdp: ws://localhost:56464/devtoo..., se:cdpVersion: 147.0.7727.103, setWindowRect: true, strictFileInteractability: false, timeouts: {implicit: 0, pageLoad: 300000, script: 30000}, unhandledPromptBehavior: dismiss and notify, webauthn:extension:credBlob: true, webauthn:extension:largeBlob: true, webauthn:extension:minPinLength: true, webauthn:extension:prf: true, webauthn:virtualAuthenticators: true}
Element: [[ChromeDriver: chrome on windows (7769f8391dd91ab47a55f3ef97915190)] -> id: file-upload]
Session ID: 7769f8391dd91ab47a55f3ef97915190]]>
            </message>
            <full-stacktrace>
              <![CDATA[org.openqa.selenium.InvalidArgumentException: invalid argument
  (Session info: chrome=147.0.7727.103)
Build info: version: '4.21.0', revision: '79ed462ef4'
System info: os.name: 'Windows 11', os.arch: 'amd64', os.version: '10.0', java.version: '17.0.12'
Driver info: org.openqa.selenium.chrome.ChromeDriver
Command: [7769f8391dd91ab47a55f3ef97915190, clickElement {id=f.10767BDEB3A0F189047B721D5A8F4D3F.d.7947B59340F2A50303132479C6E49B3B.e.8}]
Capabilities {acceptInsecureCerts: false, browserName: chrome, browserVersion: 147.0.7727.103, chrome: {chromedriverVersion: 147.0.7727.117 (474cc805edd..., userDataDir: C:\Users\Deepika\AppData\Lo...}, fedcm:accounts: true, goog:chromeOptions: {debuggerAddress: localhost:56464}, goog:processID: 26204, networkConnectionEnabled: false, pageLoadStrategy: normal, platformName: windows, proxy: Proxy(), se:cdp: ws://localhost:56464/devtoo..., se:cdpVersion: 147.0.7727.103, setWindowRect: true, strictFileInteractability: false, timeouts: {implicit: 0, pageLoad: 300000, script: 30000}, unhandledPromptBehavior: dismiss and notify, webauthn:extension:credBlob: true, webauthn:extension:largeBlob: true, webauthn:extension:minPinLength: true, webauthn:extension:prf: true, webauthn:virtualAuthenticators: true}
Element: [[ChromeDriver: chrome on windows (7769f8391dd91ab47a55f3ef97915190)] -> id: file-upload]
Session ID: 7769f8391dd91ab47a55f3ef97915190
at java.base/jdk.internal.reflect.NativeConstructorAccessorImpl.newInstance0(Native Method)
at java.base/jdk.internal.reflect.NativeConstructorAccessorImpl.newInstance(NativeConstructorAccessorImpl.java:77)
at java.base/jdk.internal.reflect.DelegatingConstructorAccessorImpl.newInstance(DelegatingConstructorAccessorImpl.java:45)
at java.base/java.lang.reflect.Constructor.newInstanceWithCaller(Constructor.java:499)
at java.base/java.lang.reflect.Constructor.newInstance(Constructor.java:480)
at org.openqa.selenium.remote.ErrorCodec.decode(ErrorCodec.java:167)
at org.openqa.selenium.remote.codec.w3c.W3CHttpResponseCodec.decode(W3CHttpResponseCodec.java:138)
at org.openqa.selenium.remote.codec.w3c.W3CHttpResponseCodec.decode(W3CHttpResponseCodec.java:50)
at org.openqa.selenium.remote.HttpCommandExecutor.execute(HttpCommandExecutor.java:190)
at org.openqa.selenium.remote.service.DriverCommandExecutor.invokeExecute(DriverCommandExecutor.java:216)
at org.openqa.selenium.remote.service.DriverCommandExecutor.execute(DriverCommandExecutor.java:174)
at org.openqa.selenium.remote.RemoteWebDriver.execute(RemoteWebDriver.java:518)
at org.openqa.selenium.remote.RemoteWebElement.execute(RemoteWebElement.java:223)
at org.openqa.selenium.remote.RemoteWebElement.click(RemoteWebElement.java:76)
at com.srm.pages.BasePage.click(BasePage.java:46)
at com.srm.pages.UploadPage.uploadFile(UploadPage.java:33)
at com.srm.tests.FileUploadTests.verifySupportedFileUploadDisplaysUploadedFilename(FileUploadTests.java:30)
at java.base/jdk.internal.reflect.NativeMethodAccessorImpl.invoke0(Native Method)
at java.base/jdk.internal.reflect.NativeMethodAccessorImpl.invoke(NativeMethodAccessorImpl.java:77)
at java.base/jdk.internal.reflect.DelegatingMethodAccessorImpl.invoke(DelegatingMethodAccessorImpl.java:43)
at java.base/java.lang.reflect.Method.invoke(Method.java:568)
at org.testng.internal.invokers.MethodInvocationHelper.invokeMethod(MethodInvocationHelper.java:141)
at org.testng.internal.invokers.TestInvoker.invokeMethod(TestInvoker.java:686)
at org.testng.internal.invokers.TestInvoker.invokeTestMethod(TestInvoker.java:230)
at org.testng.internal.invokers.MethodRunner.runInSequence(MethodRunner.java:63)
at org.testng.internal.invokers.TestInvoker$MethodInvocationAgent.invoke(TestInvoker.java:992)
at org.testng.internal.invokers.TestInvoker.invokeTestMethods(TestInvoker.java:203)
at org.testng.internal.invokers.TestMethodWorker.invokeTestMethods(TestMethodWorker.java:154)
at org.testng.internal.invokers.TestMethodWorker.run(TestMethodWorker.java:134)
at java.base/java.util.ArrayList.forEach(ArrayList.java:1511)
at org.testng.TestRunner.privateRun(TestRunner.java:739)
at org.testng.TestRunner.run(TestRunner.java:614)
at org.testng.SuiteRunner.runTest(SuiteRunner.java:421)
at org.testng.SuiteRunner$SuiteWorker.run(SuiteRunner.java:463)
at org.testng.internal.thread.ThreadUtil.lambda$execute$0(ThreadUtil.java:64)
at java.base/java.util.concurrent.FutureTask.run(FutureTask.java:264)
at java.base/java.util.concurrent.ThreadPoolExecutor.runWorker(ThreadPoolExecutor.java:1136)
at java.base/java.util.concurrent.ThreadPoolExecutor$Worker.run(ThreadPoolExecutor.java:635)
at java.base/java.lang.Thread.run(Thread.java:842)
]]>
            </full-stacktrace>
          </exception> <!-- org.openqa.selenium.InvalidArgumentException -->
          <reporter-output>
          </reporter-output>
        </test-method> <!-- verifySupportedFileUploadDisplaysUploadedFilename -->
        <test-method is-config="true" signature="tearDown()[pri:0, instance:com.srm.tests.FileUploadTests@ae13544]" started-at="2026-04-24T20:08:17 IST" name="tearDown" finished-at="2026-04-24T20:08:18 IST" duration-ms="478" status="PASS">
          <reporter-output>
          </reporter-output>
        </test-method> <!-- tearDown -->
        <test-method is-config="true" signature="setUp()[pri:0, instance:com.srm.tests.FileUploadTests@ae13544]" started-at="2026-04-24T20:08:18 IST" name="setUp" finished-at="2026-04-24T20:08:19 IST" duration-ms="1518" status="PASS">
          <reporter-output>
          </reporter-output>
        </test-method> <!-- setUp -->
        <test-method signature="verifyUnsupportedFileTypeIsHandledGracefully()[pri:0, instance:com.srm.tests.FileUploadTests@ae13544]" started-at="2026-04-24T20:08:19 IST" name="verifyUnsupportedFileTypeIsHandledGracefully" finished-at="2026-04-24T20:08:24 IST" duration-ms="4603" status="PASS">
          <reporter-output>
          </reporter-output>
        </test-method> <!-- verifyUnsupportedFileTypeIsHandledGracefully -->
        <test-method is-config="true" signature="tearDown()[pri:0, instance:com.srm.tests.FileUploadTests@ae13544]" started-at="2026-04-24T20:08:24 IST" name="tearDown" finished-at="2026-04-24T20:08:24 IST" duration-ms="211" status="PASS">
          <reporter-output>
          </reporter-output>
        </test-method> <!-- tearDown -->
        <test-method is-config="true" signature="setUp()[pri:0, instance:com.srm.tests.FileUploadTests@ae13544]" started-at="2026-04-24T20:08:24 IST" name="setUp" finished-at="2026-04-24T20:08:25 IST" duration-ms="1093" status="PASS">
          <reporter-output>
          </reporter-output>
        </test-method> <!-- setUp -->
        <test-method signature="verifyUploadPageTitleAndFormVisibility()[pri:0, instance:com.srm.tests.FileUploadTests@ae13544]" started-at="2026-04-24T20:08:25 IST" name="verifyUploadPageTitleAndFormVisibility" finished-at="2026-04-24T20:08:30 IST" duration-ms="4935" status="PASS">
          <reporter-output>
          </reporter-output>
        </test-method> <!-- verifyUploadPageTitleAndFormVisibility -->
        <test-method is-config="true" signature="tearDown()[pri:0, instance:com.srm.tests.FileUploadTests@ae13544]" started-at="2026-04-24T20:08:30 IST" name="tearDown" finished-at="2026-04-24T20:08:30 IST" duration-ms="195" status="PASS">
          <reporter-output>
          </reporter-output>
        </test-method> <!-- tearDown -->
      </class> <!-- com.srm.tests.FileUploadTests -->
    </test> <!-- Upload Tests -->
    <test started-at="2026-04-24T20:08:11 IST" name="Checkbox and Dropdown Tests" finished-at="2026-04-24T20:08:41 IST" duration-ms="30689">
      <class name="com.srm.tests.CheckboxDropdownTests">
        <test-method is-config="true" signature="setUp()[pri:0, instance:com.srm.tests.CheckboxDropdownTests@70325e14]" started-at="2026-04-24T20:08:11 IST" name="setUp" finished-at="2026-04-24T20:08:12 IST" duration-ms="1166" status="PASS">
          <reporter-output>
          </reporter-output>
        </test-method> <!-- setUp -->
        <test-method signature="verifyCheckboxOneCanBeCheckedAndUnchecked()[pri:0, instance:com.srm.tests.CheckboxDropdownTests@70325e14]" started-at="2026-04-24T20:08:12 IST" name="verifyCheckboxOneCanBeCheckedAndUnchecked" finished-at="2026-04-24T20:08:18 IST" duration-ms="6530" status="PASS">
          <reporter-output>
          </reporter-output>
        </test-method> <!-- verifyCheckboxOneCanBeCheckedAndUnchecked -->
        <test-method is-config="true" signature="tearDown()[pri:0, instance:com.srm.tests.CheckboxDropdownTests@70325e14]" started-at="2026-04-24T20:08:18 IST" name="tearDown" finished-at="2026-04-24T20:08:18 IST" duration-ms="275" status="PASS">
          <reporter-output>
          </reporter-output>
        </test-method> <!-- tearDown -->
        <test-method is-config="true" signature="setUp()[pri:0, instance:com.srm.tests.CheckboxDropdownTests@70325e14]" started-at="2026-04-24T20:08:18 IST" name="setUp" finished-at="2026-04-24T20:08:20 IST" duration-ms="1381" status="PASS">
          <reporter-output>
          </reporter-output>
        </test-method> <!-- setUp -->
        <test-method signature="verifyCheckboxTwoCanBeToggledAndReverified()[pri:0, instance:com.srm.tests.CheckboxDropdownTests@70325e14]" started-at="2026-04-24T20:08:20 IST" name="verifyCheckboxTwoCanBeToggledAndReverified" finished-at="2026-04-24T20:08:25 IST" duration-ms="5446" status="PASS">
          <reporter-output>
          </reporter-output>
        </test-method> <!-- verifyCheckboxTwoCanBeToggledAndReverified -->
        <test-method is-config="true" signature="tearDown()[pri:0, instance:com.srm.tests.CheckboxDropdownTests@70325e14]" started-at="2026-04-24T20:08:25 IST" name="tearDown" finished-at="2026-04-24T20:08:26 IST" duration-ms="247" status="PASS">
          <reporter-output>
          </reporter-output>
        </test-method> <!-- tearDown -->
        <test-method is-config="true" signature="setUp()[pri:0, instance:com.srm.tests.CheckboxDropdownTests@70325e14]" started-at="2026-04-24T20:08:26 IST" name="setUp" finished-at="2026-04-24T20:08:27 IST" duration-ms="1038" status="PASS">
          <reporter-output>
          </reporter-output>
        </test-method> <!-- setUp -->
        <test-method signature="verifyDropdownSelectionAndOptionCount()[pri:0, instance:com.srm.tests.CheckboxDropdownTests@70325e14]" started-at="2026-04-24T20:08:27 IST" name="verifyDropdownSelectionAndOptionCount" finished-at="2026-04-24T20:08:31 IST" duration-ms="4804" status="PASS">
          <reporter-output>
          </reporter-output>
        </test-method> <!-- verifyDropdownSelectionAndOptionCount -->
        <test-method is-config="true" signature="tearDown()[pri:0, instance:com.srm.tests.CheckboxDropdownTests@70325e14]" started-at="2026-04-24T20:08:31 IST" name="tearDown" finished-at="2026-04-24T20:08:32 IST" duration-ms="363" status="PASS">
          <reporter-output>
          </reporter-output>
        </test-method> <!-- tearDown -->
        <test-method is-config="true" signature="setUp()[pri:0, instance:com.srm.tests.CheckboxDropdownTests@70325e14]" started-at="2026-04-24T20:08:32 IST" name="setUp" finished-at="2026-04-24T20:08:33 IST" duration-ms="1003" status="PASS">
          <reporter-output>
          </reporter-output>
        </test-method> <!-- setUp -->
        <test-method signature="verifyHoverInteractionRevealsCaption()[pri:0, instance:com.srm.tests.CheckboxDropdownTests@70325e14]" started-at="2026-04-24T20:08:33 IST" name="verifyHoverInteractionRevealsCaption" finished-at="2026-04-24T20:08:41 IST" duration-ms="8211" status="PASS">
          <reporter-output>
          </reporter-output>
        </test-method> <!-- verifyHoverInteractionRevealsCaption -->
        <test-method is-config="true" signature="tearDown()[pri:0, instance:com.srm.tests.CheckboxDropdownTests@70325e14]" started-at="2026-04-24T20:08:41 IST" name="tearDown" finished-at="2026-04-24T20:08:41 IST" duration-ms="208" status="PASS">
          <reporter-output>
          </reporter-output>
        </test-method> <!-- tearDown -->
      </class> <!-- com.srm.tests.CheckboxDropdownTests -->
    </test> <!-- Checkbox and Dropdown Tests -->
    <test started-at="2026-04-24T20:08:41 IST" name="Broken Elements Tests" finished-at="2026-04-24T20:08:47 IST" duration-ms="5686">
      <class name="com.srm.tests.BrokenElementsTests">
        <test-method is-config="true" signature="setUp()[pri:0, instance:com.srm.tests.BrokenElementsTests@bccb269]" started-at="2026-04-24T20:08:41 IST" name="setUp" finished-at="2026-04-24T20:08:42 IST" duration-ms="989" status="PASS">
          <reporter-output>
          </reporter-output>
        </test-method> <!-- setUp -->
        <test-method signature="verifyBrokenImagesCanBeDetected()[pri:0, instance:com.srm.tests.BrokenElementsTests@bccb269]" started-at="2026-04-24T20:08:42 IST" name="verifyBrokenImagesCanBeDetected" finished-at="2026-04-24T20:08:47 IST" duration-ms="4427" status="PASS">
          <reporter-output>
          </reporter-output>
        </test-method> <!-- verifyBrokenImagesCanBeDetected -->
        <test-method is-config="true" signature="tearDown()[pri:0, instance:com.srm.tests.BrokenElementsTests@bccb269]" started-at="2026-04-24T20:08:47 IST" name="tearDown" finished-at="2026-04-24T20:08:47 IST" duration-ms="266" status="PASS">
          <reporter-output>
          </reporter-output>
        </test-method> <!-- tearDown -->
      </class> <!-- com.srm.tests.BrokenElementsTests -->
    </test> <!-- Broken Elements Tests -->
    <test started-at="2026-04-24T20:08:30 IST" name="Dynamic Tests" finished-at="2026-04-24T20:08:58 IST" duration-ms="27860">
      <class name="com.srm.tests.DynamicLoadingTests">
        <test-method is-config="true" signature="setUp()[pri:0, instance:com.srm.tests.DynamicLoadingTests@63475ace]" started-at="2026-04-24T20:08:30 IST" name="setUp" finished-at="2026-04-24T20:08:32 IST" duration-ms="1196" status="PASS">
          <reporter-output>
          </reporter-output>
        </test-method> <!-- setUp -->
        <test-method signature="verifyDisappearingElementMenuLoadsAfterRefresh()[pri:0, instance:com.srm.tests.DynamicLoadingTests@63475ace]" started-at="2026-04-24T20:08:32 IST" name="verifyDisappearingElementMenuLoadsAfterRefresh" finished-at="2026-04-24T20:08:40 IST" duration-ms="7869" status="PASS">
          <reporter-output>
          </reporter-output>
        </test-method> <!-- verifyDisappearingElementMenuLoadsAfterRefresh -->
        <test-method is-config="true" signature="tearDown()[pri:0, instance:com.srm.tests.DynamicLoadingTests@63475ace]" started-at="2026-04-24T20:08:40 IST" name="tearDown" finished-at="2026-04-24T20:08:40 IST" duration-ms="216" status="PASS">
          <reporter-output>
          </reporter-output>
        </test-method> <!-- tearDown -->
        <test-method is-config="true" signature="setUp()[pri:0, instance:com.srm.tests.DynamicLoadingTests@63475ace]" started-at="2026-04-24T20:08:40 IST" name="setUp" finished-at="2026-04-24T20:08:41 IST" duration-ms="1078" status="PASS">
          <reporter-output>
          </reporter-output>
        </test-method> <!-- setUp -->
        <test-method signature="verifyDynamicContentSectionLoadsContentBlocks()[pri:0, instance:com.srm.tests.DynamicLoadingTests@63475ace]" started-at="2026-04-24T20:08:41 IST" name="verifyDynamicContentSectionLoadsContentBlocks" finished-at="2026-04-24T20:08:45 IST" duration-ms="4426" status="FAIL">
          <exception class="java.lang.AssertionError">
            <message>
              <![CDATA[Dynamic content page should render three content blocks. expected [3] but found [1]]]>
            </message>
            <full-stacktrace>
              <![CDATA[java.lang.AssertionError: Dynamic content page should render three content blocks. expected [3] but found [1]
at org.testng.Assert.fail(Assert.java:111)
at org.testng.Assert.failNotEquals(Assert.java:1578)
at org.testng.Assert.assertEqualsImpl(Assert.java:150)
at org.testng.Assert.assertEquals(Assert.java:132)
at org.testng.Assert.assertEquals(Assert.java:1419)
at org.testng.Assert.assertEquals(Assert.java:1383)
at com.srm.tests.DynamicLoadingTests.verifyDynamicContentSectionLoadsContentBlocks(DynamicLoadingTests.java:41)
at java.base/jdk.internal.reflect.NativeMethodAccessorImpl.invoke0(Native Method)
at java.base/jdk.internal.reflect.NativeMethodAccessorImpl.invoke(NativeMethodAccessorImpl.java:77)
at java.base/jdk.internal.reflect.DelegatingMethodAccessorImpl.invoke(DelegatingMethodAccessorImpl.java:43)
at java.base/java.lang.reflect.Method.invoke(Method.java:568)
at org.testng.internal.invokers.MethodInvocationHelper.invokeMethod(MethodInvocationHelper.java:141)
at org.testng.internal.invokers.TestInvoker.invokeMethod(TestInvoker.java:686)
at org.testng.internal.invokers.TestInvoker.invokeTestMethod(TestInvoker.java:230)
at org.testng.internal.invokers.MethodRunner.runInSequence(MethodRunner.java:63)
at org.testng.internal.invokers.TestInvoker$MethodInvocationAgent.invoke(TestInvoker.java:992)
at org.testng.internal.invokers.TestInvoker.invokeTestMethods(TestInvoker.java:203)
at org.testng.internal.invokers.TestMethodWorker.invokeTestMethods(TestMethodWorker.java:154)
at org.testng.internal.invokers.TestMethodWorker.run(TestMethodWorker.java:134)
at java.base/java.util.ArrayList.forEach(ArrayList.java:1511)
at org.testng.TestRunner.privateRun(TestRunner.java:739)
at org.testng.TestRunner.run(TestRunner.java:614)
at org.testng.SuiteRunner.runTest(SuiteRunner.java:421)
at org.testng.SuiteRunner$SuiteWorker.run(SuiteRunner.java:463)
at org.testng.internal.thread.ThreadUtil.lambda$execute$0(ThreadUtil.java:64)
at java.base/java.util.concurrent.FutureTask.run(FutureTask.java:264)
at java.base/java.util.concurrent.ThreadPoolExecutor.runWorker(ThreadPoolExecutor.java:1136)
at java.base/java.util.concurrent.ThreadPoolExecutor$Worker.run(ThreadPoolExecutor.java:635)
at java.base/java.lang.Thread.run(Thread.java:842)
]]>
            </full-stacktrace>
          </exception> <!-- java.lang.AssertionError -->
          <reporter-output>
          </reporter-output>
        </test-method> <!-- verifyDynamicContentSectionLoadsContentBlocks -->
        <test-method is-config="true" signature="tearDown()[pri:0, instance:com.srm.tests.DynamicLoadingTests@63475ace]" started-at="2026-04-24T20:08:45 IST" name="tearDown" finished-at="2026-04-24T20:08:46 IST" duration-ms="192" status="PASS">
          <reporter-output>
          </reporter-output>
        </test-method> <!-- tearDown -->
        <test-method is-config="true" signature="setUp()[pri:0, instance:com.srm.tests.DynamicLoadingTests@63475ace]" started-at="2026-04-24T20:08:46 IST" name="setUp" finished-at="2026-04-24T20:08:47 IST" duration-ms="1178" status="PASS">
          <reporter-output>
          </reporter-output>
        </test-method> <!-- setUp -->
        <test-method signature="verifyDynamicLoadingDisplaysExpectedMessage()[pri:0, instance:com.srm.tests.DynamicLoadingTests@63475ace]" started-at="2026-04-24T20:08:47 IST" name="verifyDynamicLoadingDisplaysExpectedMessage" finished-at="2026-04-24T20:08:58 IST" duration-ms="11257" status="PASS">
          <reporter-output>
          </reporter-output>
        </test-method> <!-- verifyDynamicLoadingDisplaysExpectedMessage -->
        <test-method is-config="true" signature="tearDown()[pri:0, instance:com.srm.tests.DynamicLoadingTests@63475ace]" started-at="2026-04-24T20:08:58 IST" name="tearDown" finished-at="2026-04-24T20:08:58 IST" duration-ms="298" status="PASS">
          <reporter-output>
          </reporter-output>
        </test-method> <!-- tearDown -->
      </class> <!-- com.srm.tests.DynamicLoadingTests -->
    </test> <!-- Dynamic Tests -->
  </suite> <!-- Internet Hackathon Suite -->
</testng-results>
