<?xml version="1.0" encoding="UTF-8"?>
<!-- Generated by org.testng.reporters.JUnitReportReporter -->
<testsuite hostname="Deeps" failures="0" tests="4" name="com.srm.tests.CheckboxDropdownTests" time="30.672" errors="0" timestamp="2026-04-24T20:08:59 IST" skipped="0">
  <testcase classname="com.srm.tests.CheckboxDropdownTests" name="verifyHoverInteractionRevealsCaption" time="9.652"/>
  <testcase classname="com.srm.tests.CheckboxDropdownTests" name="verifyCheckboxTwoCanBeToggledAndReverified" time="6.657"/>
  <testcase classname="com.srm.tests.CheckboxDropdownTests" name="verifyCheckboxOneCanBeCheckedAndUnchecked" time="7.931"/>
  <testcase classname="com.srm.tests.CheckboxDropdownTests" name="verifyDropdownSelectionAndOptionCount" time="6.432"/>
</testsuite> <!-- com.srm.tests.CheckboxDropdownTests -->
