<?xml version="1.0" encoding="UTF-8"?>
<!-- Generated by org.testng.reporters.JUnitReportReporter -->
<testsuite hostname="Deeps" failures="0" tests="4" name="com.srm.tests.AlertTests" time="32.405" errors="0" timestamp="2026-04-24T20:08:59 IST" skipped="0">
  <testcase classname="com.srm.tests.AlertTests" name="verifyJsConfirmDismissShowsDismissedMessage" time="8.467"/>
  <testcase classname="com.srm.tests.AlertTests" name="verifyJsAlertAcceptsAndShowsSuccessMessage" time="6.310"/>
  <testcase classname="com.srm.tests.AlertTests" name="verifyResultTextUpdatesAcrossDifferentAlertTypes" time="9.778"/>
  <testcase classname="com.srm.tests.AlertTests" name="verifyJsPromptAcceptsTextAndDisplaysIt" time="7.850"/>
</testsuite> <!-- com.srm.tests.AlertTests -->
