<?xml version="1.0" encoding="UTF-8"?>
<!-- Generated by org.testng.reporters.JUnitReportReporter -->
<testsuite hostname="Deeps" failures="0" tests="4" name="com.srm.tests.AuthenticationTests" time="34.302" errors="0" timestamp="2026-04-24T20:08:59 IST" skipped="0">
  <testcase classname="com.srm.tests.AuthenticationTests" name="verifyFormAuthenticationScenarios" time="9.454"/>
  <testcase classname="com.srm.tests.AuthenticationTests" name="verifyLogoutRedirectsBackToLoginPage" time="7.872"/>
  <testcase classname="com.srm.tests.AuthenticationTests" name="verifyFormAuthenticationScenarios" time="10.739"/>
  <testcase classname="com.srm.tests.AuthenticationTests" name="verifyBasicAuthenticationWorks" time="6.237"/>
</testsuite> <!-- com.srm.tests.AuthenticationTests -->
