<?xml version="1.0" encoding="UTF-8"?>
<!-- Generated by org.testng.reporters.JUnitXMLReporter -->
<testsuite ignored="0" hostname="Deeps" failures="0" tests="4" name="Alert Tests" time="4.669" errors="0" timestamp="2026-04-24T18:46:15 IST">
  <testcase classname="com.srm.tests.AlertTests" name="verifyJsAlertAcceptsAndShowsSuccessMessage" time="0.0">
    <skipped/>
  </testcase> <!-- verifyJsAlertAcceptsAndShowsSuccessMessage -->
  <testcase classname="com.srm.tests.AlertTests" name="verifyJsConfirmDismissShowsDismissedMessage" time="0.0">
    <skipped/>
  </testcase> <!-- verifyJsConfirmDismissShowsDismissedMessage -->
  <testcase classname="com.srm.tests.AlertTests" name="verifyJsPromptAcceptsTextAndDisplaysIt" time="0.0">
    <skipped/>
  </testcase> <!-- verifyJsPromptAcceptsTextAndDisplaysIt -->
  <testcase classname="com.srm.tests.AlertTests" name="verifyResultTextUpdatesAcrossDifferentAlertTypes" time="0.0">
    <skipped/>
  </testcase> <!-- verifyResultTextUpdatesAcrossDifferentAlertTypes -->
</testsuite> <!-- Alert Tests -->
