<?xml version="1.0" encoding="UTF-8"?>
<!-- Generated by org.testng.reporters.JUnitXMLReporter -->
<testsuite ignored="0" hostname="Deeps" failures="0" tests="3" name="Upload Tests" time="1.443" errors="0" timestamp="2026-04-24T18:46:16 IST">
  <testcase classname="com.srm.tests.FileUploadTests" name="verifySupportedFileUploadDisplaysUploadedFilename" time="0.0">
    <skipped/>
  </testcase> <!-- verifySupportedFileUploadDisplaysUploadedFilename -->
  <testcase classname="com.srm.tests.FileUploadTests" name="verifyUnsupportedFileTypeIsHandledGracefully" time="0.0">
    <skipped/>
  </testcase> <!-- verifyUnsupportedFileTypeIsHandledGracefully -->
  <testcase classname="com.srm.tests.FileUploadTests" name="verifyUploadPageTitleAndFormVisibility" time="0.0">
    <skipped/>
  </testcase> <!-- verifyUploadPageTitleAndFormVisibility -->
</testsuite> <!-- Upload Tests -->
