<?xml version="1.0" encoding="UTF-8"?>
<!-- Generated by org.testng.reporters.JUnitXMLReporter -->
<testsuite ignored="0" hostname="Deeps" failures="0" tests="4" name="Alert Tests" time="33.059" errors="0" timestamp="2026-04-24T20:08:10 IST">
  <testcase classname="com.srm.tests.AlertTests" name="verifyJsAlertAcceptsAndShowsSuccessMessage" time="4.602"/>
  <testcase classname="com.srm.tests.AlertTests" name="verifyJsConfirmDismissShowsDismissedMessage" time="7.173"/>
  <testcase classname="com.srm.tests.AlertTests" name="verifyJsPromptAcceptsTextAndDisplaysIt" time="6.171"/>
  <testcase classname="com.srm.tests.AlertTests" name="verifyResultTextUpdatesAcrossDifferentAlertTypes" time="4.587"/>
</testsuite> <!-- Alert Tests -->
