<?xml version="1.0" encoding="UTF-8"?>
<!-- Generated by org.testng.reporters.JUnitXMLReporter -->
<testsuite ignored="0" hostname="Deeps" failures="0" tests="4" name="Authentication Tests" time="34.984" errors="0" timestamp="2026-04-24T20:08:12 IST">
  <testcase classname="com.srm.tests.AuthenticationTests" name="verifyBasicAuthenticationWorks" time="4.198"/>
  <testcase classname="com.srm.tests.AuthenticationTests" name="verifyFormAuthenticationScenarios" time="5.749"/>
  <testcase classname="com.srm.tests.AuthenticationTests" name="verifyFormAuthenticationScenarios" time="7.64"/>
  <testcase classname="com.srm.tests.AuthenticationTests" name="verifyLogoutRedirectsBackToLoginPage" time="6.353"/>
</testsuite> <!-- Authentication Tests -->
