<?xml version="1.0" encoding="UTF-8"?>
<!-- Generated by org.testng.reporters.JUnitXMLReporter -->
<testsuite ignored="0" hostname="Deeps" failures="0" tests="4" name="Checkbox and Dropdown Tests" time="30.689" errors="0" timestamp="2026-04-24T20:08:41 IST">
  <testcase classname="com.srm.tests.CheckboxDropdownTests" name="verifyCheckboxOneCanBeCheckedAndUnchecked" time="6.53"/>
  <testcase classname="com.srm.tests.CheckboxDropdownTests" name="verifyCheckboxTwoCanBeToggledAndReverified" time="5.446"/>
  <testcase classname="com.srm.tests.CheckboxDropdownTests" name="verifyDropdownSelectionAndOptionCount" time="4.804"/>
  <testcase classname="com.srm.tests.CheckboxDropdownTests" name="verifyHoverInteractionRevealsCaption" time="8.211"/>
</testsuite> <!-- Checkbox and Dropdown Tests -->
