<?xml version="1.0" encoding="UTF-8"?>
<!-- Generated by org.testng.reporters.JUnitXMLReporter -->
<testsuite ignored="0" hostname="Deeps" failures="1" tests="3" name="Dynamic Tests" time="27.86" errors="0" timestamp="2026-04-24T20:08:58 IST">
  <testcase classname="com.srm.tests.DynamicLoadingTests" name="verifyDisappearingElementMenuLoadsAfterRefresh" time="7.869"/>
  <testcase classname="com.srm.tests.DynamicLoadingTests" name="verifyDynamicContentSectionLoadsContentBlocks" time="4.426">
    <failure type="java.lang.AssertionError" message="Dynamic content page should render three content blocks. expected [3] but found [1]">
      <![CDATA[java.lang.AssertionError: Dynamic content page should render three content blocks. expected [3] but found [1]
at com.srm.tests.DynamicLoadingTests.verifyDynamicContentSectionLoadsContentBlocks(DynamicLoadingTests.java:41)
at java.base/java.util.ArrayList.forEach(ArrayList.java:1511)
at java.base/java.util.concurrent.FutureTask.run(FutureTask.java:264)
at java.base/java.util.concurrent.ThreadPoolExecutor.runWorker(ThreadPoolExecutor.java:1136)
at java.base/java.util.concurrent.ThreadPoolExecutor$Worker.run(ThreadPoolExecutor.java:635)
at java.base/java.lang.Thread.run(Thread.java:842)
... Removed 23 stack frames]]>
    </failure>
  </testcase> <!-- verifyDynamicContentSectionLoadsContentBlocks -->
  <testcase classname="com.srm.tests.DynamicLoadingTests" name="verifyDynamicLoadingDisplaysExpectedMessage" time="11.257"/>
</testsuite> <!-- Dynamic Tests -->
